[35m[Appium][39m Welcome to Appium v1.22.3
[35m[Appium][39m Non-default server args:
[35m[Appium][39m   port: 61910
[35m[Appium][39m   loglevel: info
[35m[Appium][39m   tmpDir: C:\Users\095047\AppData\Local\Temp\\Katalon\Appium\Temp1657442738419
[35m[Appium][39m   chromedriverPort: 61911
[35m[Appium][39m Deprecated server args:
[35m[Appium][39m   [31m--chromedriver-port[39m => --default-capabilities
[35m[Appium][39m Default capabilities, which will be added to each request unless overridden by desired capabilities:
[35m[Appium][39m   chromedriverPort: 61911
[35m[Appium][39m Appium REST http interface listener started on 0.0.0.0:61910
[35m[HTTP][39m [37m-->[39m [37mGET[39m [37m/wd/hub/status[39m
[35m[HTTP][39m [90m{}[39m
[35m[HTTP][39m [37m<-- GET /wd/hub/status [39m[32m200[39m [90m6 ms - 68[39m
[35m[HTTP][39m [90m[39m
[35m[HTTP][39m [37m-->[39m [37mGET[39m [37m/wd/hub/status[39m
[35m[HTTP][39m [90m{}[39m
[35m[HTTP][39m [37m<-- GET /wd/hub/status [39m[32m200[39m [90m1 ms - 68[39m
[35m[HTTP][39m [90m[39m
[35m[HTTP][39m [37m-->[39m [37mPOST[39m [37m/wd/hub/session[39m
[35m[HTTP][39m [90m{"desiredCapabilities":{"appActivity":".Settings","appPackage":"com.android.settings","newCommandTimeout":1800,"platformVersion":"8.1.0","automationName":"uiautomator2","autoGrantPermissions":true,"platformName":"Android","udid":"c7b211f89905","deviceName":"Xiaomi Redmi 5 Plus (Android 8.1.0)","platform":"ANDROID","systemPort":8215},"capabilities":{"firstMatch":[{"appium:appActivity":".Settings","appium:appPackage":"com.android.settings","appium:autoGrantPermissions":true,"appium:automationName":"uiautomator2","appium:deviceName":"Xiaomi Redmi 5 Plus (Android 8.1.0)","appium:newCommandTimeout":1800,"platform":"ANDROID","platformName":"android","appium:platformVersion":"8.1.0","appium:systemPort":8215,"appium:udid":"c7b211f89905"}]}}[39m
[35m[BaseDriver][39m The following capabilities are not standard capabilities and should have an extension prefix:
[35m[BaseDriver][39m   platform
[35m[BaseDriver][39m   chromedriverPort
[35m[Appium][39m Appium v1.22.3 creating new AndroidUiautomator2Driver (v1.70.1) session
[35m[BaseDriver][39m The following capabilities were provided, but are not recognized by Appium:
[35m[BaseDriver][39m   platform
[35m[BaseDriver][39m Session created with session id: ebe48fe2-7f8a-4900-b13f-93306d46ec67
[35m[UiAutomator2][39m Starting 'com.android.settings' directly on the device
[35m[ADB][39m Found 1 'build-tools' folders under 'C:\Users\095047\.katalon\tools\android_sdk' (newest first):
[35m[ADB][39m     C:/Users/095047/.katalon/tools/android_sdk/build-tools/29.0.3
[35m[ADB][39m Using 'adb.exe' from 'C:\Users\095047\.katalon\tools\android_sdk\platform-tools\adb.exe'
[35m[AndroidDriver][39m Retrieving device list
[35m[AndroidDriver][39m Using device: c7b211f89905
[35m[ADB][39m Using 'adb.exe' from 'C:\Users\095047\.katalon\tools\android_sdk\platform-tools\adb.exe'
[35m[AndroidDriver][39m No app sent in, not parsing package/activity
[35m[ADB][39m Using 'apksigner.jar' from 'C:\Users\095047\.katalon\tools\android_sdk\build-tools\29.0.3\lib\apksigner.jar'
[35m[ADB][39m 'C:\Users\095047\AppData\Roaming\npm\node_modules\appium\node_modules\appium-uiautomator2-server\apks\appium-uiautomator2-server-v4.27.0.apk' is signed with the default certificate
[35m[ADB][39m 'C:\Users\095047\AppData\Roaming\npm\node_modules\appium\node_modules\appium-uiautomator2-server\apks\appium-uiautomator2-server-debug-androidTest.apk' is signed with the default certificate
[35m[UiAutomator2][39m Server packages are not going to be (re)installed
[35m[ADB][39m Adding packages ["io.appium.settings","io.appium.uiautomator2.server","io.appium.uiautomator2.server.test"] to Doze whitelist
[35m[UiAutomator2][39m Starting UIAutomator2 server 4.27.0
[35m[UiAutomator2][39m Using UIAutomator2 server from 'C:\Users\095047\AppData\Roaming\npm\node_modules\appium\node_modules\appium-uiautomator2-server\apks\appium-uiautomator2-server-v4.27.0.apk' and test from 'C:\Users\095047\AppData\Roaming\npm\node_modules\appium\node_modules\appium-uiautomator2-server\apks\appium-uiautomator2-server-debug-androidTest.apk'
[35m[UiAutomator2][39m Waiting up to 30000ms for UiAutomator2 to be online...
[35m[WD Proxy][39m socket hang up
[35m[WD Proxy][39m socket hang up
[35m[WD Proxy][39m socket hang up
[35m[WD Proxy][39m socket hang up
[35m[WD Proxy][39m Determined the downstream protocol as 'W3C'
[35m[AndroidDriver][39m Screen already unlocked, doing nothing
[35m[UiAutomator2][39m Starting 'com.android.settings/.Settings and waiting for 'com.android.settings/.Settings'
[35m[Appium][39m New AndroidUiautomator2Driver session created successfully, session ebe48fe2-7f8a-4900-b13f-93306d46ec67 added to master session list
[35m[HTTP][39m [37m<-- POST /wd/hub/session [39m[32m200[39m [90m17180 ms - 1176[39m
[35m[HTTP][39m [90m[39m
[35m[HTTP][39m [37m-->[39m [37mGET[39m [37m/wd/hub/session/ebe48fe2-7f8a-4900-b13f-93306d46ec67[39m
[35m[HTTP][39m [90m{}[39m
[35m[HTTP][39m [37m<-- GET /wd/hub/session/ebe48fe2-7f8a-4900-b13f-93306d46ec67 [39m[32m200[39m [90m22 ms - 1130[39m
[35m[HTTP][39m [90m[39m
[35m[HTTP][39m [37m-->[39m [37mGET[39m [37m/wd/hub/session/ebe48fe2-7f8a-4900-b13f-93306d46ec67[39m
[35m[HTTP][39m [90m{}[39m
[35m[HTTP][39m [37m<-- GET /wd/hub/session/ebe48fe2-7f8a-4900-b13f-93306d46ec67 [39m[32m200[39m [90m19 ms - 1130[39m
[35m[HTTP][39m [90m[39m
[35m[HTTP][39m [37m-->[39m [37mGET[39m [37m/wd/hub/status[39m
[35m[HTTP][39m [90m{}[39m
[35m[HTTP][39m [37m<-- GET /wd/hub/status [39m[32m200[39m [90m1 ms - 68[39m
[35m[HTTP][39m [90m[39m
[35m[HTTP][39m [37m-->[39m [37mPOST[39m [37m/wd/hub/session/ebe48fe2-7f8a-4900-b13f-93306d46ec67/timeouts[39m
[35m[HTTP][39m [90m{"implicit":60000}[39m
[35m[HTTP][39m [37m<-- POST /wd/hub/session/ebe48fe2-7f8a-4900-b13f-93306d46ec67/timeouts [39m[32m200[39m [90m2 ms - 14[39m
[35m[HTTP][39m [90m[39m
[35m[HTTP][39m [37m-->[39m [37mGET[39m [37m/wd/hub/session/ebe48fe2-7f8a-4900-b13f-93306d46ec67/screenshot[39m
[35m[HTTP][39m [90m{}[39m
[35m[HTTP][39m [37m<-- GET /wd/hub/session/ebe48fe2-7f8a-4900-b13f-93306d46ec67/screenshot [39m[32m200[39m [90m812 ms - 154506[39m
[35m[HTTP][39m [90m[39m
[35m[HTTP][39m [37m-->[39m [37mGET[39m [37m/wd/hub/session/ebe48fe2-7f8a-4900-b13f-93306d46ec67/window/rect[39m
[35m[HTTP][39m [90m{}[39m
[35m[HTTP][39m [37m<-- GET /wd/hub/session/ebe48fe2-7f8a-4900-b13f-93306d46ec67/window/rect [39m[32m200[39m [90m29 ms - 50[39m
[35m[HTTP][39m [90m[39m
[35m[HTTP][39m [37m-->[39m [37mGET[39m [37m/wd/hub/session/ebe48fe2-7f8a-4900-b13f-93306d46ec67/appium/device/system_bars[39m
[35m[HTTP][39m [90m{}[39m
[35m[HTTP][39m [37m<-- GET /wd/hub/session/ebe48fe2-7f8a-4900-b13f-93306d46ec67/appium/device/system_bars [39m[32m200[39m [90m99 ms - 151[39m
[35m[HTTP][39m [90m[39m
[35m[HTTP][39m [37m-->[39m [37mPOST[39m [37m/wd/hub/session/ebe48fe2-7f8a-4900-b13f-93306d46ec67/appium/device/activate_app[39m
[35m[HTTP][39m [90m{"bundleId":"com.solodroid.solomerce"}[39m
[35m[HTTP][39m [37m<-- POST /wd/hub/session/ebe48fe2-7f8a-4900-b13f-93306d46ec67/appium/device/activate_app [39m[32m200[39m [90m951 ms - 14[39m
[35m[HTTP][39m [90m[39m
[35m[HTTP][39m [37m-->[39m [37mGET[39m [37m/wd/hub/session/ebe48fe2-7f8a-4900-b13f-93306d46ec67/source[39m
[35m[HTTP][39m [90m{}[39m
[35m[W3C (ebe48fe2)][39m Driver proxy active, passing request on via HTTP proxy
[35m[WD Proxy][39m Replacing sessionId e59ca805-5111-4541-a488-81a25c2d54c3 with ebe48fe2-7f8a-4900-b13f-93306d46ec67
[35m[HTTP][39m [37m<-- GET /wd/hub/session/ebe48fe2-7f8a-4900-b13f-93306d46ec67/source [39m[32m200[39m [90m1109 ms - 3679[39m
[35m[HTTP][39m [90m[39m
[35m[HTTP][39m [37m-->[39m [37mGET[39m [37m/wd/hub/session/ebe48fe2-7f8a-4900-b13f-93306d46ec67/screenshot[39m
[35m[HTTP][39m [90m{}[39m
[35m[HTTP][39m [37m<-- GET /wd/hub/session/ebe48fe2-7f8a-4900-b13f-93306d46ec67/screenshot [39m[32m200[39m [90m962 ms - 331356[39m
[35m[HTTP][39m [90m[39m
[35m[HTTP][39m [37m-->[39m [37mGET[39m [37m/wd/hub/session/ebe48fe2-7f8a-4900-b13f-93306d46ec67/source[39m
[35m[HTTP][39m [90m{}[39m
[35m[W3C (ebe48fe2)][39m Driver proxy active, passing request on via HTTP proxy
[35m[WD Proxy][39m Replacing sessionId e59ca805-5111-4541-a488-81a25c2d54c3 with ebe48fe2-7f8a-4900-b13f-93306d46ec67
[35m[HTTP][39m [37m<-- GET /wd/hub/session/ebe48fe2-7f8a-4900-b13f-93306d46ec67/source [39m[32m200[39m [90m1002 ms - 34086[39m
[35m[HTTP][39m [90m[39m
[35m[HTTP][39m [37m-->[39m [37mGET[39m [37m/wd/hub/session/ebe48fe2-7f8a-4900-b13f-93306d46ec67/screenshot[39m
[35m[HTTP][39m [90m{}[39m
[35m[HTTP][39m [37m<-- GET /wd/hub/session/ebe48fe2-7f8a-4900-b13f-93306d46ec67/screenshot [39m[32m200[39m [90m1914 ms - 1511272[39m
[35m[HTTP][39m [90m[39m
[35m[HTTP][39m [37m-->[39m [37mGET[39m [37m/wd/hub/session/ebe48fe2-7f8a-4900-b13f-93306d46ec67/source[39m
[35m[HTTP][39m [90m{}[39m
[35m[W3C (ebe48fe2)][39m Driver proxy active, passing request on via HTTP proxy
[35m[WD Proxy][39m Replacing sessionId e59ca805-5111-4541-a488-81a25c2d54c3 with ebe48fe2-7f8a-4900-b13f-93306d46ec67
[35m[HTTP][39m [37m<-- GET /wd/hub/session/ebe48fe2-7f8a-4900-b13f-93306d46ec67/source [39m[32m200[39m [90m371 ms - 27057[39m
[35m[HTTP][39m [90m[39m
[35m[HTTP][39m [37m-->[39m [37mGET[39m [37m/wd/hub/session/ebe48fe2-7f8a-4900-b13f-93306d46ec67/screenshot[39m
[35m[HTTP][39m [90m{}[39m
[35m[HTTP][39m [37m<-- GET /wd/hub/session/ebe48fe2-7f8a-4900-b13f-93306d46ec67/screenshot [39m[32m200[39m [90m1135 ms - 323566[39m
[35m[HTTP][39m [90m[39m
[35m[HTTP][39m [37m-->[39m [37mPOST[39m [37m/wd/hub/session/ebe48fe2-7f8a-4900-b13f-93306d46ec67/elements[39m
[35m[HTTP][39m [90m{"using":"xpath","value":"//*[@class = 'android.widget.TextView' and (@text = 'Samsung Galaxy S10 - Black' or . = 'Samsung Galaxy S10 - Black') and @resource-id = 'com.solodroid.solomerce:id/product_name']"}[39m
[35m[HTTP][39m [37m<-- POST /wd/hub/session/ebe48fe2-7f8a-4900-b13f-93306d46ec67/elements [39m[32m200[39m [90m1651 ms - 139[39m
[35m[HTTP][39m [90m[39m
[35m[HTTP][39m [37m-->[39m [37mPOST[39m [37m/wd/hub/session/ebe48fe2-7f8a-4900-b13f-93306d46ec67/elements[39m
[35m[HTTP][39m [90m{"using":"xpath","value":"//*[@class = 'android.widget.TextView' and (@text = 'U17 USB Portable M3 HUmidifier Air Purifier LED Night Light 200ML' or . = 'U17 USB Portable M3 HUmidifier Air Purifier LED Night Light 200ML') and @resource-id = 'com.solodroid.solomerce:id/product_name']"}[39m
[35m[HTTP][39m [37m<-- POST /wd/hub/session/ebe48fe2-7f8a-4900-b13f-93306d46ec67/elements [39m[32m200[39m [90m448 ms - 139[39m
[35m[HTTP][39m [90m[39m
[35m[HTTP][39m [37m-->[39m [37mPOST[39m [37m/wd/hub/session/ebe48fe2-7f8a-4900-b13f-93306d46ec67/elements[39m
[35m[HTTP][39m [90m{"using":"xpath","value":"//*[@class = 'android.widget.TextView' and (@text = '899 USD x 2' or . = '899 USD x 2') and @resource-id = 'com.solodroid.solomerce:id/product_quantity']"}[39m
[35m[HTTP][39m [37m<-- POST /wd/hub/session/ebe48fe2-7f8a-4900-b13f-93306d46ec67/elements [39m[32m200[39m [90m408 ms - 139[39m
[35m[HTTP][39m [90m[39m
[35m[HTTP][39m [37m-->[39m [37mPOST[39m [37m/wd/hub/session/ebe48fe2-7f8a-4900-b13f-93306d46ec67/elements[39m
[35m[HTTP][39m [90m{"using":"xpath","value":"//*[@class = 'android.widget.TextView' and (@text = '20 USD x 2' or . = '20 USD x 2') and @resource-id = 'com.solodroid.solomerce:id/product_quantity']"}[39m
[35m[HTTP][39m [37m<-- POST /wd/hub/session/ebe48fe2-7f8a-4900-b13f-93306d46ec67/elements [39m[32m200[39m [90m362 ms - 139[39m
[35m[HTTP][39m [90m[39m
[35m[HTTP][39m [37m-->[39m [37mPOST[39m [37m/wd/hub/session/ebe48fe2-7f8a-4900-b13f-93306d46ec67/elements[39m
[35m[HTTP][39m [90m{"using":"xpath","value":"//*[@class = 'android.widget.TextView' and (@text = '1.798 USD' or . = '1.798 USD') and @resource-id = 'com.solodroid.solomerce:id/product_price']"}[39m
[35m[HTTP][39m [37m<-- POST /wd/hub/session/ebe48fe2-7f8a-4900-b13f-93306d46ec67/elements [39m[32m200[39m [90m628 ms - 139[39m
[35m[HTTP][39m [90m[39m
[35m[HTTP][39m [37m-->[39m [37mPOST[39m [37m/wd/hub/session/ebe48fe2-7f8a-4900-b13f-93306d46ec67/elements[39m
[35m[HTTP][39m [90m{"using":"xpath","value":"//*[@class = 'android.widget.TextView' and (@text = '40 USD' or . = '40 USD') and @resource-id = 'com.solodroid.solomerce:id/product_price']"}[39m
[35m[HTTP][39m [37m<-- POST /wd/hub/session/ebe48fe2-7f8a-4900-b13f-93306d46ec67/elements [39m[32m200[39m [90m339 ms - 139[39m
[35m[HTTP][39m [90m[39m
[35m[BaseDriver][39m Shutting down because we waited 1800 seconds for a command
[35m[Appium][39m Closing session, cause was 'New Command Timeout of 1800 seconds expired. Try customizing the timeout using the 'newCommandTimeout' desired capability'
[35m[Appium][39m Removing session 'ebe48fe2-7f8a-4900-b13f-93306d46ec67' from our master session list
